RUN	GenericSageMakerScenario	1628676714-ml.m5.large-1-2TPS	1628676716366	 	3.2.0
USER	SageMaker	1	START	1628676718560	1628676718560
REQUEST	1		SageMaker-LEARNING-model-simulator-1	1628676718590	1628676718625	OK	 
USER	SageMaker	1	END	1628676718560	1628676718652
USER	SageMaker	2	START	1628676719059	1628676719059
REQUEST	2		SageMaker-LEARNING-model-simulator-1	1628676719062	1628676719093	OK	 
USER	SageMaker	2	END	1628676719059	1628676719095
USER	SageMaker	3	START	1628676719569	1628676719569
REQUEST	3		SageMaker-LEARNING-model-simulator-1	1628676719572	1628676719614	OK	 
USER	SageMaker	3	END	1628676719569	1628676719615
USER	SageMaker	4	START	1628676720059	1628676720059
REQUEST	4		SageMaker-LEARNING-model-simulator-1	1628676720062	1628676720094	OK	 
USER	SageMaker	4	END	1628676720059	1628676720095
USER	SageMaker	5	START	1628676720559	1628676720559
REQUEST	5		SageMaker-LEARNING-model-simulator-1	1628676720562	1628676720591	OK	 
USER	SageMaker	5	END	1628676720559	1628676720592
USER	SageMaker	6	START	1628676721059	1628676721059
REQUEST	6		SageMaker-LEARNING-model-simulator-1	1628676721062	1628676721077	OK	 
USER	SageMaker	6	END	1628676721059	1628676721079
USER	SageMaker	7	START	1628676721559	1628676721559
REQUEST	7		SageMaker-LEARNING-model-simulator-1	1628676721562	1628676721605	OK	 
USER	SageMaker	7	END	1628676721559	1628676721607
USER	SageMaker	8	START	1628676722059	1628676722059
REQUEST	8		SageMaker-LEARNING-model-simulator-1	1628676722062	1628676722099	OK	 
USER	SageMaker	8	END	1628676722059	1628676722101
USER	SageMaker	9	START	1628676722559	1628676722559
REQUEST	9		SageMaker-LEARNING-model-simulator-1	1628676722561	1628676722586	OK	 
USER	SageMaker	9	END	1628676722559	1628676722587
USER	SageMaker	10	START	1628676723060	1628676723060
REQUEST	10		SageMaker-LEARNING-model-simulator-1	1628676723062	1628676723088	OK	 
USER	SageMaker	10	END	1628676723060	1628676723089
USER	SageMaker	11	START	1628676723560	1628676723560
REQUEST	11		SageMaker-LEARNING-model-simulator-1	1628676723562	1628676723591	OK	 
USER	SageMaker	11	END	1628676723560	1628676723593
USER	SageMaker	12	START	1628676724060	1628676724060
REQUEST	12		SageMaker-LEARNING-model-simulator-1	1628676724062	1628676724110	OK	 
USER	SageMaker	12	END	1628676724060	1628676724112
USER	SageMaker	13	START	1628676724559	1628676724559
REQUEST	13		SageMaker-LEARNING-model-simulator-1	1628676724561	1628676724598	OK	 
USER	SageMaker	13	END	1628676724559	1628676724599
USER	SageMaker	14	START	1628676725059	1628676725059
REQUEST	14		SageMaker-LEARNING-model-simulator-1	1628676725062	1628676725096	OK	 
USER	SageMaker	14	END	1628676725059	1628676725098
USER	SageMaker	15	START	1628676725559	1628676725559
REQUEST	15		SageMaker-LEARNING-model-simulator-1	1628676725561	1628676725592	OK	 
USER	SageMaker	15	END	1628676725559	1628676725593
USER	SageMaker	16	START	1628676726059	1628676726059
REQUEST	16		SageMaker-LEARNING-model-simulator-1	1628676726061	1628676726075	OK	 
USER	SageMaker	16	END	1628676726059	1628676726076
USER	SageMaker	17	START	1628676726559	1628676726559
REQUEST	17		SageMaker-LEARNING-model-simulator-1	1628676726561	1628676726576	OK	 
USER	SageMaker	17	END	1628676726559	1628676726577
USER	SageMaker	18	START	1628676727060	1628676727060
REQUEST	18		SageMaker-LEARNING-model-simulator-1	1628676727062	1628676727080	OK	 
USER	SageMaker	18	END	1628676727060	1628676727081
USER	SageMaker	19	START	1628676727559	1628676727559
REQUEST	19		SageMaker-LEARNING-model-simulator-1	1628676727562	1628676727575	OK	 
USER	SageMaker	19	END	1628676727559	1628676727577
USER	SageMaker	20	START	1628676728059	1628676728059
REQUEST	20		SageMaker-LEARNING-model-simulator-1	1628676728062	1628676728086	OK	 
USER	SageMaker	20	END	1628676728059	1628676728087
USER	SageMaker	21	START	1628676728559	1628676728559
REQUEST	21		SageMaker-LEARNING-model-simulator-1	1628676728561	1628676728597	OK	 
USER	SageMaker	21	END	1628676728559	1628676728598
USER	SageMaker	22	START	1628676729059	1628676729059
REQUEST	22		SageMaker-LEARNING-model-simulator-1	1628676729061	1628676729093	OK	 
USER	SageMaker	22	END	1628676729059	1628676729094
USER	SageMaker	23	START	1628676729559	1628676729559
REQUEST	23		SageMaker-LEARNING-model-simulator-1	1628676729561	1628676729589	OK	 
USER	SageMaker	23	END	1628676729559	1628676729590
USER	SageMaker	24	START	1628676730060	1628676730060
REQUEST	24		SageMaker-LEARNING-model-simulator-1	1628676730062	1628676730090	OK	 
USER	SageMaker	24	END	1628676730060	1628676730092
USER	SageMaker	25	START	1628676730560	1628676730560
REQUEST	25		SageMaker-LEARNING-model-simulator-1	1628676730562	1628676730574	OK	 
USER	SageMaker	25	END	1628676730560	1628676730576
USER	SageMaker	26	START	1628676731060	1628676731060
REQUEST	26		SageMaker-LEARNING-model-simulator-1	1628676731062	1628676731087	OK	 
USER	SageMaker	26	END	1628676731060	1628676731088
USER	SageMaker	27	START	1628676731559	1628676731559
REQUEST	27		SageMaker-LEARNING-model-simulator-1	1628676731561	1628676731616	OK	 
USER	SageMaker	27	END	1628676731559	1628676731618
USER	SageMaker	28	START	1628676732059	1628676732059
REQUEST	28		SageMaker-LEARNING-model-simulator-1	1628676732061	1628676732089	OK	 
USER	SageMaker	28	END	1628676732059	1628676732090
USER	SageMaker	29	START	1628676732559	1628676732559
REQUEST	29		SageMaker-LEARNING-model-simulator-1	1628676732561	1628676732608	OK	 
USER	SageMaker	29	END	1628676732559	1628676732610
USER	SageMaker	30	START	1628676733060	1628676733060
REQUEST	30		SageMaker-LEARNING-model-simulator-1	1628676733062	1628676733085	OK	 
USER	SageMaker	30	END	1628676733060	1628676733087
USER	SageMaker	31	START	1628676733560	1628676733560
REQUEST	31		SageMaker-LEARNING-model-simulator-1	1628676733561	1628676733586	OK	 
USER	SageMaker	31	END	1628676733560	1628676733587
USER	SageMaker	32	START	1628676734059	1628676734059
REQUEST	32		SageMaker-LEARNING-model-simulator-1	1628676734061	1628676734108	OK	 
USER	SageMaker	32	END	1628676734059	1628676734110
USER	SageMaker	33	START	1628676734559	1628676734559
REQUEST	33		SageMaker-LEARNING-model-simulator-1	1628676734561	1628676734599	OK	 
USER	SageMaker	33	END	1628676734559	1628676734601
USER	SageMaker	34	START	1628676735059	1628676735059
REQUEST	34		SageMaker-LEARNING-model-simulator-1	1628676735061	1628676735089	OK	 
USER	SageMaker	34	END	1628676735059	1628676735091
USER	SageMaker	35	START	1628676735559	1628676735559
REQUEST	35		SageMaker-LEARNING-model-simulator-1	1628676735561	1628676735587	OK	 
USER	SageMaker	35	END	1628676735559	1628676735589
USER	SageMaker	36	START	1628676736059	1628676736059
REQUEST	36		SageMaker-LEARNING-model-simulator-1	1628676736061	1628676736076	OK	 
USER	SageMaker	36	END	1628676736059	1628676736077
USER	SageMaker	37	START	1628676736559	1628676736559
REQUEST	37		SageMaker-LEARNING-model-simulator-1	1628676736561	1628676736596	OK	 
USER	SageMaker	37	END	1628676736559	1628676736597
USER	SageMaker	38	START	1628676737059	1628676737059
REQUEST	38		SageMaker-LEARNING-model-simulator-1	1628676737061	1628676737086	OK	 
USER	SageMaker	38	END	1628676737059	1628676737087
USER	SageMaker	39	START	1628676737559	1628676737559
REQUEST	39		SageMaker-LEARNING-model-simulator-1	1628676737561	1628676737587	OK	 
USER	SageMaker	39	END	1628676737559	1628676737588
USER	SageMaker	40	START	1628676738060	1628676738060
REQUEST	40		SageMaker-LEARNING-model-simulator-1	1628676738062	1628676738093	OK	 
USER	SageMaker	40	END	1628676738060	1628676738094
USER	SageMaker	41	START	1628676738560	1628676738560
REQUEST	41		SageMaker-LEARNING-model-simulator-1	1628676738561	1628676738589	OK	 
USER	SageMaker	41	END	1628676738560	1628676738590
USER	SageMaker	42	START	1628676739060	1628676739060
REQUEST	42		SageMaker-LEARNING-model-simulator-1	1628676739062	1628676739086	OK	 
USER	SageMaker	42	END	1628676739060	1628676739087
USER	SageMaker	43	START	1628676739560	1628676739560
REQUEST	43		SageMaker-LEARNING-model-simulator-1	1628676739561	1628676739575	OK	 
USER	SageMaker	43	END	1628676739560	1628676739577
USER	SageMaker	44	START	1628676740059	1628676740059
REQUEST	44		SageMaker-LEARNING-model-simulator-1	1628676740061	1628676740089	OK	 
USER	SageMaker	44	END	1628676740059	1628676740090
USER	SageMaker	45	START	1628676740559	1628676740559
REQUEST	45		SageMaker-LEARNING-model-simulator-1	1628676740561	1628676740587	OK	 
USER	SageMaker	45	END	1628676740559	1628676740588
USER	SageMaker	46	START	1628676741059	1628676741059
REQUEST	46		SageMaker-LEARNING-model-simulator-1	1628676741061	1628676741077	OK	 
USER	SageMaker	46	END	1628676741059	1628676741077
USER	SageMaker	47	START	1628676741559	1628676741559
REQUEST	47		SageMaker-LEARNING-model-simulator-1	1628676741560	1628676741606	OK	 
USER	SageMaker	47	END	1628676741559	1628676741607
USER	SageMaker	48	START	1628676742060	1628676742060
REQUEST	48		SageMaker-LEARNING-model-simulator-1	1628676742061	1628676742076	OK	 
USER	SageMaker	48	END	1628676742060	1628676742077
USER	SageMaker	49	START	1628676742560	1628676742560
REQUEST	49		SageMaker-LEARNING-model-simulator-1	1628676742561	1628676742575	OK	 
USER	SageMaker	49	END	1628676742560	1628676742576
USER	SageMaker	50	START	1628676743059	1628676743059
REQUEST	50		SageMaker-LEARNING-model-simulator-1	1628676743061	1628676743121	OK	 
USER	SageMaker	50	END	1628676743059	1628676743122
USER	SageMaker	51	START	1628676743559	1628676743559
REQUEST	51		SageMaker-LEARNING-model-simulator-1	1628676743561	1628676743578	OK	 
USER	SageMaker	51	END	1628676743559	1628676743579
USER	SageMaker	52	START	1628676744059	1628676744059
REQUEST	52		SageMaker-LEARNING-model-simulator-1	1628676744061	1628676744086	OK	 
USER	SageMaker	52	END	1628676744059	1628676744087
USER	SageMaker	53	START	1628676744559	1628676744559
REQUEST	53		SageMaker-LEARNING-model-simulator-1	1628676744561	1628676744587	OK	 
USER	SageMaker	53	END	1628676744559	1628676744588
USER	SageMaker	54	START	1628676745060	1628676745060
REQUEST	54		SageMaker-LEARNING-model-simulator-1	1628676745062	1628676745084	OK	 
USER	SageMaker	54	END	1628676745060	1628676745085
USER	SageMaker	55	START	1628676745560	1628676745560
REQUEST	55		SageMaker-LEARNING-model-simulator-1	1628676745561	1628676745574	OK	 
USER	SageMaker	55	END	1628676745560	1628676745575
USER	SageMaker	56	START	1628676746060	1628676746060
REQUEST	56		SageMaker-LEARNING-model-simulator-1	1628676746061	1628676746086	OK	 
USER	SageMaker	56	END	1628676746060	1628676746087
USER	SageMaker	57	START	1628676746559	1628676746559
REQUEST	57		SageMaker-LEARNING-model-simulator-1	1628676746561	1628676746590	OK	 
USER	SageMaker	57	END	1628676746559	1628676746591
USER	SageMaker	58	START	1628676747059	1628676747059
REQUEST	58		SageMaker-LEARNING-model-simulator-1	1628676747061	1628676747094	OK	 
USER	SageMaker	58	END	1628676747059	1628676747095
USER	SageMaker	59	START	1628676747559	1628676747559
REQUEST	59		SageMaker-LEARNING-model-simulator-1	1628676747561	1628676747575	OK	 
USER	SageMaker	59	END	1628676747559	1628676747576
USER	SageMaker	60	START	1628676748059	1628676748059
REQUEST	60		SageMaker-LEARNING-model-simulator-1	1628676748061	1628676748082	OK	 
USER	SageMaker	60	END	1628676748059	1628676748083
USER	SageMaker	61	START	1628676748559	1628676748559
REQUEST	61		SageMaker-LEARNING-model-simulator-1	1628676748561	1628676748583	OK	 
USER	SageMaker	61	END	1628676748559	1628676748584
USER	SageMaker	62	START	1628676749059	1628676749059
REQUEST	62		SageMaker-LEARNING-model-simulator-1	1628676749061	1628676749081	OK	 
USER	SageMaker	62	END	1628676749059	1628676749082
USER	SageMaker	63	START	1628676749560	1628676749560
REQUEST	63		SageMaker-LEARNING-model-simulator-1	1628676749561	1628676749593	OK	 
USER	SageMaker	63	END	1628676749560	1628676749594
USER	SageMaker	64	START	1628676750049	1628676750049
REQUEST	64		SageMaker-LEARNING-model-simulator-1	1628676750051	1628676750065	OK	 
USER	SageMaker	64	END	1628676750049	1628676750066
USER	SageMaker	65	START	1628676750550	1628676750550
REQUEST	65		SageMaker-LEARNING-model-simulator-1	1628676750552	1628676750571	OK	 
USER	SageMaker	65	END	1628676750550	1628676750572
USER	SageMaker	66	START	1628676751059	1628676751059
REQUEST	66		SageMaker-LEARNING-model-simulator-1	1628676751061	1628676751084	OK	 
USER	SageMaker	66	END	1628676751059	1628676751085
USER	SageMaker	67	START	1628676751560	1628676751560
REQUEST	67		SageMaker-LEARNING-model-simulator-1	1628676751562	1628676751576	OK	 
USER	SageMaker	67	END	1628676751560	1628676751577
USER	SageMaker	68	START	1628676752060	1628676752060
REQUEST	68		SageMaker-LEARNING-model-simulator-1	1628676752062	1628676752076	OK	 
USER	SageMaker	68	END	1628676752060	1628676752077
USER	SageMaker	69	START	1628676752560	1628676752560
REQUEST	69		SageMaker-LEARNING-model-simulator-1	1628676752561	1628676752578	OK	 
USER	SageMaker	69	END	1628676752560	1628676752579
USER	SageMaker	70	START	1628676753059	1628676753059
REQUEST	70		SageMaker-LEARNING-model-simulator-1	1628676753061	1628676753092	OK	 
USER	SageMaker	70	END	1628676753059	1628676753093
USER	SageMaker	71	START	1628676753559	1628676753559
REQUEST	71		SageMaker-LEARNING-model-simulator-1	1628676753560	1628676753574	OK	 
USER	SageMaker	71	END	1628676753559	1628676753574
USER	SageMaker	72	START	1628676754060	1628676754060
REQUEST	72		SageMaker-LEARNING-model-simulator-1	1628676754062	1628676754091	OK	 
USER	SageMaker	72	END	1628676754060	1628676754092
USER	SageMaker	73	START	1628676754560	1628676754560
REQUEST	73		SageMaker-LEARNING-model-simulator-1	1628676754561	1628676754578	OK	 
USER	SageMaker	73	END	1628676754560	1628676754579
USER	SageMaker	74	START	1628676755059	1628676755059
REQUEST	74		SageMaker-LEARNING-model-simulator-1	1628676755061	1628676755077	OK	 
USER	SageMaker	74	END	1628676755059	1628676755078
USER	SageMaker	75	START	1628676755559	1628676755559
REQUEST	75		SageMaker-LEARNING-model-simulator-1	1628676755561	1628676755587	OK	 
USER	SageMaker	75	END	1628676755559	1628676755588
USER	SageMaker	76	START	1628676756059	1628676756059
REQUEST	76		SageMaker-LEARNING-model-simulator-1	1628676756061	1628676756076	OK	 
USER	SageMaker	76	END	1628676756059	1628676756077
USER	SageMaker	77	START	1628676756559	1628676756559
REQUEST	77		SageMaker-LEARNING-model-simulator-1	1628676756561	1628676756593	OK	 
USER	SageMaker	77	END	1628676756559	1628676756594
USER	SageMaker	78	START	1628676757059	1628676757059
REQUEST	78		SageMaker-LEARNING-model-simulator-1	1628676757061	1628676757089	OK	 
USER	SageMaker	78	END	1628676757059	1628676757090
USER	SageMaker	79	START	1628676757559	1628676757559
REQUEST	79		SageMaker-LEARNING-model-simulator-1	1628676757561	1628676757604	OK	 
USER	SageMaker	79	END	1628676757559	1628676757605
USER	SageMaker	80	START	1628676758059	1628676758059
REQUEST	80		SageMaker-LEARNING-model-simulator-1	1628676758060	1628676758097	OK	 
USER	SageMaker	80	END	1628676758059	1628676758098
USER	SageMaker	81	START	1628676758560	1628676758560
REQUEST	81		SageMaker-LEARNING-model-simulator-1	1628676758562	1628676758577	OK	 
USER	SageMaker	81	END	1628676758560	1628676758577
USER	SageMaker	82	START	1628676759060	1628676759060
REQUEST	82		SageMaker-LEARNING-model-simulator-1	1628676759061	1628676759075	OK	 
USER	SageMaker	82	END	1628676759060	1628676759076
USER	SageMaker	83	START	1628676759560	1628676759560
REQUEST	83		SageMaker-LEARNING-model-simulator-1	1628676759561	1628676759591	OK	 
USER	SageMaker	83	END	1628676759560	1628676759592
USER	SageMaker	84	START	1628676760060	1628676760060
REQUEST	84		SageMaker-LEARNING-model-simulator-1	1628676760061	1628676760087	OK	 
USER	SageMaker	84	END	1628676760060	1628676760088
USER	SageMaker	85	START	1628676760559	1628676760559
REQUEST	85		SageMaker-LEARNING-model-simulator-1	1628676760561	1628676760575	OK	 
USER	SageMaker	85	END	1628676760559	1628676760576
USER	SageMaker	86	START	1628676761059	1628676761059
REQUEST	86		SageMaker-LEARNING-model-simulator-1	1628676761061	1628676761073	OK	 
USER	SageMaker	86	END	1628676761059	1628676761074
USER	SageMaker	87	START	1628676761559	1628676761559
REQUEST	87		SageMaker-LEARNING-model-simulator-1	1628676761561	1628676761573	OK	 
USER	SageMaker	87	END	1628676761559	1628676761574
USER	SageMaker	88	START	1628676762060	1628676762060
REQUEST	88		SageMaker-LEARNING-model-simulator-1	1628676762061	1628676762090	OK	 
USER	SageMaker	88	END	1628676762060	1628676762091
USER	SageMaker	89	START	1628676762560	1628676762560
REQUEST	89		SageMaker-LEARNING-model-simulator-1	1628676762561	1628676762605	OK	 
USER	SageMaker	89	END	1628676762560	1628676762605
USER	SageMaker	90	START	1628676763059	1628676763059
REQUEST	90		SageMaker-LEARNING-model-simulator-1	1628676763061	1628676763074	OK	 
USER	SageMaker	90	END	1628676763059	1628676763074
USER	SageMaker	91	START	1628676763559	1628676763559
REQUEST	91		SageMaker-LEARNING-model-simulator-1	1628676763561	1628676763591	OK	 
USER	SageMaker	91	END	1628676763559	1628676763592
USER	SageMaker	92	START	1628676764059	1628676764059
REQUEST	92		SageMaker-LEARNING-model-simulator-1	1628676764061	1628676764075	OK	 
USER	SageMaker	92	END	1628676764059	1628676764076
USER	SageMaker	93	START	1628676764559	1628676764559
REQUEST	93		SageMaker-LEARNING-model-simulator-1	1628676764560	1628676764589	OK	 
USER	SageMaker	93	END	1628676764559	1628676764590
USER	SageMaker	94	START	1628676765060	1628676765060
REQUEST	94		SageMaker-LEARNING-model-simulator-1	1628676765062	1628676765098	OK	 
USER	SageMaker	94	END	1628676765060	1628676765099
USER	SageMaker	95	START	1628676765560	1628676765560
REQUEST	95		SageMaker-LEARNING-model-simulator-1	1628676765561	1628676765575	OK	 
USER	SageMaker	95	END	1628676765560	1628676765576
USER	SageMaker	96	START	1628676766059	1628676766059
REQUEST	96		SageMaker-LEARNING-model-simulator-1	1628676766061	1628676766074	OK	 
USER	SageMaker	96	END	1628676766059	1628676766075
USER	SageMaker	97	START	1628676766559	1628676766559
REQUEST	97		SageMaker-LEARNING-model-simulator-1	1628676766561	1628676766573	OK	 
USER	SageMaker	97	END	1628676766559	1628676766573
USER	SageMaker	98	START	1628676767059	1628676767059
REQUEST	98		SageMaker-LEARNING-model-simulator-1	1628676767061	1628676767074	OK	 
USER	SageMaker	98	END	1628676767059	1628676767075
USER	SageMaker	99	START	1628676767560	1628676767560
REQUEST	99		SageMaker-LEARNING-model-simulator-1	1628676767561	1628676767578	OK	 
USER	SageMaker	99	END	1628676767560	1628676767578
USER	SageMaker	100	START	1628676768060	1628676768060
REQUEST	100		SageMaker-LEARNING-model-simulator-1	1628676768061	1628676768074	OK	 
USER	SageMaker	100	END	1628676768060	1628676768075
USER	SageMaker	101	START	1628676768559	1628676768559
REQUEST	101		SageMaker-LEARNING-model-simulator-1	1628676768561	1628676768590	OK	 
USER	SageMaker	101	END	1628676768559	1628676768591
USER	SageMaker	102	START	1628676769059	1628676769059
REQUEST	102		SageMaker-LEARNING-model-simulator-1	1628676769061	1628676769097	OK	 
USER	SageMaker	102	END	1628676769059	1628676769097
USER	SageMaker	103	START	1628676769559	1628676769559
REQUEST	103		SageMaker-LEARNING-model-simulator-1	1628676769561	1628676769605	OK	 
USER	SageMaker	103	END	1628676769559	1628676769605
USER	SageMaker	104	START	1628676770059	1628676770059
REQUEST	104		SageMaker-LEARNING-model-simulator-1	1628676770061	1628676770076	OK	 
USER	SageMaker	104	END	1628676770059	1628676770077
USER	SageMaker	105	START	1628676770559	1628676770559
REQUEST	105		SageMaker-LEARNING-model-simulator-1	1628676770560	1628676770605	OK	 
USER	SageMaker	105	END	1628676770559	1628676770606
USER	SageMaker	106	START	1628676771060	1628676771060
REQUEST	106		SageMaker-LEARNING-model-simulator-1	1628676771061	1628676771074	OK	 
USER	SageMaker	106	END	1628676771060	1628676771075
USER	SageMaker	107	START	1628676771560	1628676771560
REQUEST	107		SageMaker-LEARNING-model-simulator-1	1628676771561	1628676771573	OK	 
USER	SageMaker	107	END	1628676771560	1628676771574
USER	SageMaker	108	START	1628676772059	1628676772059
REQUEST	108		SageMaker-LEARNING-model-simulator-1	1628676772061	1628676772090	OK	 
USER	SageMaker	108	END	1628676772059	1628676772091
USER	SageMaker	109	START	1628676772559	1628676772559
REQUEST	109		SageMaker-LEARNING-model-simulator-1	1628676772560	1628676772574	OK	 
USER	SageMaker	109	END	1628676772559	1628676772575
USER	SageMaker	110	START	1628676773059	1628676773059
REQUEST	110		SageMaker-LEARNING-model-simulator-1	1628676773061	1628676773074	OK	 
USER	SageMaker	110	END	1628676773059	1628676773075
USER	SageMaker	111	START	1628676773560	1628676773560
REQUEST	111		SageMaker-LEARNING-model-simulator-1	1628676773561	1628676773574	OK	 
USER	SageMaker	111	END	1628676773560	1628676773575
USER	SageMaker	112	START	1628676774060	1628676774060
REQUEST	112		SageMaker-LEARNING-model-simulator-1	1628676774061	1628676774084	OK	 
USER	SageMaker	112	END	1628676774060	1628676774085
USER	SageMaker	113	START	1628676774560	1628676774560
REQUEST	113		SageMaker-LEARNING-model-simulator-1	1628676774561	1628676774612	OK	 
USER	SageMaker	113	END	1628676774560	1628676774613
USER	SageMaker	114	START	1628676775059	1628676775059
REQUEST	114		SageMaker-LEARNING-model-simulator-1	1628676775061	1628676775074	OK	 
USER	SageMaker	114	END	1628676775059	1628676775075
USER	SageMaker	115	START	1628676775559	1628676775559
REQUEST	115		SageMaker-LEARNING-model-simulator-1	1628676775561	1628676775586	OK	 
USER	SageMaker	115	END	1628676775559	1628676775587
USER	SageMaker	116	START	1628676776059	1628676776059
REQUEST	116		SageMaker-LEARNING-model-simulator-1	1628676776060	1628676776076	OK	 
USER	SageMaker	116	END	1628676776059	1628676776077
USER	SageMaker	117	START	1628676776560	1628676776560
REQUEST	117		SageMaker-LEARNING-model-simulator-1	1628676776561	1628676776574	OK	 
USER	SageMaker	117	END	1628676776560	1628676776575
USER	SageMaker	118	START	1628676777059	1628676777059
REQUEST	118		SageMaker-LEARNING-model-simulator-1	1628676777061	1628676777073	OK	 
USER	SageMaker	118	END	1628676777059	1628676777074
USER	SageMaker	119	START	1628676777559	1628676777559
REQUEST	119		SageMaker-LEARNING-model-simulator-1	1628676777561	1628676777573	OK	 
USER	SageMaker	119	END	1628676777559	1628676777573
USER	SageMaker	120	START	1628676778059	1628676778059
REQUEST	120		SageMaker-LEARNING-model-simulator-1	1628676778061	1628676778075	OK	 
USER	SageMaker	120	END	1628676778059	1628676778076
USER	SageMaker	121	START	1628676778559	1628676778559
REQUEST	121		SageMaker-LEARNING-model-simulator-1	1628676778561	1628676778592	OK	 
USER	SageMaker	121	END	1628676778559	1628676778593
USER	SageMaker	122	START	1628676779060	1628676779060
REQUEST	122		SageMaker-LEARNING-model-simulator-1	1628676779061	1628676779078	OK	 
USER	SageMaker	122	END	1628676779060	1628676779079
USER	SageMaker	123	START	1628676779560	1628676779560
REQUEST	123		SageMaker-LEARNING-model-simulator-1	1628676779561	1628676779581	OK	 
USER	SageMaker	123	END	1628676779560	1628676779581
USER	SageMaker	124	START	1628676780060	1628676780060
REQUEST	124		SageMaker-LEARNING-model-simulator-1	1628676780061	1628676780095	OK	 
USER	SageMaker	124	END	1628676780060	1628676780096
USER	SageMaker	125	START	1628676780559	1628676780559
REQUEST	125		SageMaker-LEARNING-model-simulator-1	1628676780561	1628676780591	OK	 
USER	SageMaker	125	END	1628676780559	1628676780592
USER	SageMaker	126	START	1628676781059	1628676781059
REQUEST	126		SageMaker-LEARNING-model-simulator-1	1628676781061	1628676781097	OK	 
USER	SageMaker	126	END	1628676781059	1628676781098
USER	SageMaker	127	START	1628676781559	1628676781559
REQUEST	127		SageMaker-LEARNING-model-simulator-1	1628676781561	1628676781574	OK	 
USER	SageMaker	127	END	1628676781559	1628676781574
USER	SageMaker	128	START	1628676782059	1628676782059
REQUEST	128		SageMaker-LEARNING-model-simulator-1	1628676782061	1628676782075	OK	 
USER	SageMaker	128	END	1628676782059	1628676782077
USER	SageMaker	129	START	1628676782560	1628676782560
REQUEST	129		SageMaker-LEARNING-model-simulator-1	1628676782561	1628676782587	OK	 
USER	SageMaker	129	END	1628676782560	1628676782588
USER	SageMaker	130	START	1628676783060	1628676783060
REQUEST	130		SageMaker-LEARNING-model-simulator-1	1628676783061	1628676783077	OK	 
USER	SageMaker	130	END	1628676783060	1628676783077
USER	SageMaker	131	START	1628676783559	1628676783559
REQUEST	131		SageMaker-LEARNING-model-simulator-1	1628676783560	1628676783587	OK	 
USER	SageMaker	131	END	1628676783559	1628676783588
USER	SageMaker	132	START	1628676784059	1628676784059
REQUEST	132		SageMaker-LEARNING-model-simulator-1	1628676784061	1628676784075	OK	 
USER	SageMaker	132	END	1628676784059	1628676784076
USER	SageMaker	133	START	1628676784560	1628676784560
REQUEST	133		SageMaker-LEARNING-model-simulator-1	1628676784561	1628676784579	OK	 
USER	SageMaker	133	END	1628676784560	1628676784580
USER	SageMaker	134	START	1628676785060	1628676785060
REQUEST	134		SageMaker-LEARNING-model-simulator-1	1628676785061	1628676785081	OK	 
USER	SageMaker	134	END	1628676785060	1628676785082
USER	SageMaker	135	START	1628676785559	1628676785559
REQUEST	135		SageMaker-LEARNING-model-simulator-1	1628676785561	1628676785574	OK	 
USER	SageMaker	135	END	1628676785559	1628676785575
USER	SageMaker	136	START	1628676786059	1628676786059
REQUEST	136		SageMaker-LEARNING-model-simulator-1	1628676786061	1628676786106	OK	 
USER	SageMaker	136	END	1628676786059	1628676786107
USER	SageMaker	137	START	1628676786560	1628676786560
REQUEST	137		SageMaker-LEARNING-model-simulator-1	1628676786561	1628676786575	OK	 
USER	SageMaker	137	END	1628676786560	1628676786575
USER	SageMaker	138	START	1628676787060	1628676787060
REQUEST	138		SageMaker-LEARNING-model-simulator-1	1628676787061	1628676787074	OK	 
USER	SageMaker	138	END	1628676787060	1628676787075
USER	SageMaker	139	START	1628676787560	1628676787560
REQUEST	139		SageMaker-LEARNING-model-simulator-1	1628676787561	1628676787595	OK	 
USER	SageMaker	139	END	1628676787560	1628676787595
USER	SageMaker	140	START	1628676788059	1628676788059
REQUEST	140		SageMaker-LEARNING-model-simulator-1	1628676788061	1628676788074	OK	 
USER	SageMaker	140	END	1628676788059	1628676788075
USER	SageMaker	141	START	1628676788559	1628676788559
REQUEST	141		SageMaker-LEARNING-model-simulator-1	1628676788560	1628676788574	OK	 
USER	SageMaker	141	END	1628676788559	1628676788574
USER	SageMaker	142	START	1628676789059	1628676789059
REQUEST	142		SageMaker-LEARNING-model-simulator-1	1628676789061	1628676789099	OK	 
USER	SageMaker	142	END	1628676789059	1628676789100
USER	SageMaker	143	START	1628676789560	1628676789560
REQUEST	143		SageMaker-LEARNING-model-simulator-1	1628676789561	1628676789573	OK	 
USER	SageMaker	143	END	1628676789560	1628676789574
USER	SageMaker	144	START	1628676790060	1628676790060
REQUEST	144		SageMaker-LEARNING-model-simulator-1	1628676790061	1628676790091	OK	 
USER	SageMaker	144	END	1628676790060	1628676790091
USER	SageMaker	145	START	1628676790559	1628676790559
REQUEST	145		SageMaker-LEARNING-model-simulator-1	1628676790561	1628676790573	OK	 
USER	SageMaker	145	END	1628676790559	1628676790574
USER	SageMaker	146	START	1628676791059	1628676791059
REQUEST	146		SageMaker-LEARNING-model-simulator-1	1628676791060	1628676791075	OK	 
USER	SageMaker	146	END	1628676791059	1628676791076
USER	SageMaker	147	START	1628676791560	1628676791560
REQUEST	147		SageMaker-LEARNING-model-simulator-1	1628676791561	1628676791574	OK	 
USER	SageMaker	147	END	1628676791560	1628676791575
USER	SageMaker	148	START	1628676792059	1628676792059
REQUEST	148		SageMaker-LEARNING-model-simulator-1	1628676792061	1628676792073	OK	 
USER	SageMaker	148	END	1628676792059	1628676792074
USER	SageMaker	149	START	1628676792559	1628676792559
REQUEST	149		SageMaker-LEARNING-model-simulator-1	1628676792560	1628676792573	OK	 
USER	SageMaker	149	END	1628676792559	1628676792574
USER	SageMaker	150	START	1628676793060	1628676793060
REQUEST	150		SageMaker-LEARNING-model-simulator-1	1628676793061	1628676793074	OK	 
USER	SageMaker	150	END	1628676793060	1628676793075
USER	SageMaker	151	START	1628676793560	1628676793560
REQUEST	151		SageMaker-LEARNING-model-simulator-1	1628676793561	1628676793573	OK	 
USER	SageMaker	151	END	1628676793560	1628676793574
USER	SageMaker	152	START	1628676794059	1628676794059
REQUEST	152		SageMaker-LEARNING-model-simulator-1	1628676794061	1628676794079	OK	 
USER	SageMaker	152	END	1628676794059	1628676794080
USER	SageMaker	153	START	1628676794559	1628676794559
REQUEST	153		SageMaker-LEARNING-model-simulator-1	1628676794561	1628676794574	OK	 
USER	SageMaker	153	END	1628676794559	1628676794575
USER	SageMaker	154	START	1628676795059	1628676795059
REQUEST	154		SageMaker-LEARNING-model-simulator-1	1628676795060	1628676795077	OK	 
USER	SageMaker	154	END	1628676795059	1628676795077
USER	SageMaker	155	START	1628676795560	1628676795560
REQUEST	155		SageMaker-LEARNING-model-simulator-1	1628676795561	1628676795576	OK	 
USER	SageMaker	155	END	1628676795560	1628676795577
USER	SageMaker	156	START	1628676796060	1628676796060
REQUEST	156		SageMaker-LEARNING-model-simulator-1	1628676796061	1628676796074	OK	 
USER	SageMaker	156	END	1628676796060	1628676796074
USER	SageMaker	157	START	1628676796560	1628676796560
REQUEST	157		SageMaker-LEARNING-model-simulator-1	1628676796561	1628676796589	OK	 
USER	SageMaker	157	END	1628676796560	1628676796590
USER	SageMaker	158	START	1628676797060	1628676797060
REQUEST	158		SageMaker-LEARNING-model-simulator-1	1628676797061	1628676797076	OK	 
USER	SageMaker	158	END	1628676797060	1628676797077
USER	SageMaker	159	START	1628676797559	1628676797559
REQUEST	159		SageMaker-LEARNING-model-simulator-1	1628676797561	1628676797579	OK	 
USER	SageMaker	159	END	1628676797559	1628676797580
USER	SageMaker	160	START	1628676798059	1628676798059
REQUEST	160		SageMaker-LEARNING-model-simulator-1	1628676798061	1628676798076	OK	 
USER	SageMaker	160	END	1628676798059	1628676798076
USER	SageMaker	161	START	1628676798559	1628676798559
REQUEST	161		SageMaker-LEARNING-model-simulator-1	1628676798560	1628676798574	OK	 
USER	SageMaker	161	END	1628676798559	1628676798574
USER	SageMaker	162	START	1628676799060	1628676799060
REQUEST	162		SageMaker-LEARNING-model-simulator-1	1628676799061	1628676799074	OK	 
USER	SageMaker	162	END	1628676799060	1628676799075
USER	SageMaker	163	START	1628676799559	1628676799559
REQUEST	163		SageMaker-LEARNING-model-simulator-1	1628676799561	1628676799589	OK	 
USER	SageMaker	163	END	1628676799559	1628676799590
USER	SageMaker	164	START	1628676800059	1628676800059
REQUEST	164		SageMaker-LEARNING-model-simulator-1	1628676800061	1628676800075	OK	 
USER	SageMaker	164	END	1628676800059	1628676800076
USER	SageMaker	165	START	1628676800559	1628676800559
REQUEST	165		SageMaker-LEARNING-model-simulator-1	1628676800560	1628676800571	OK	 
USER	SageMaker	165	END	1628676800559	1628676800572
USER	SageMaker	166	START	1628676801060	1628676801060
REQUEST	166		SageMaker-LEARNING-model-simulator-1	1628676801061	1628676801074	OK	 
USER	SageMaker	166	END	1628676801060	1628676801075
USER	SageMaker	167	START	1628676801560	1628676801560
REQUEST	167		SageMaker-LEARNING-model-simulator-1	1628676801561	1628676801576	OK	 
USER	SageMaker	167	END	1628676801560	1628676801577
USER	SageMaker	168	START	1628676802060	1628676802060
REQUEST	168		SageMaker-LEARNING-model-simulator-1	1628676802061	1628676802074	OK	 
USER	SageMaker	168	END	1628676802060	1628676802075
USER	SageMaker	169	START	1628676802560	1628676802560
REQUEST	169		SageMaker-LEARNING-model-simulator-1	1628676802561	1628676802573	OK	 
USER	SageMaker	169	END	1628676802560	1628676802573
USER	SageMaker	170	START	1628676803059	1628676803059
REQUEST	170		SageMaker-LEARNING-model-simulator-1	1628676803061	1628676803076	OK	 
USER	SageMaker	170	END	1628676803059	1628676803077
USER	SageMaker	171	START	1628676803559	1628676803559
REQUEST	171		SageMaker-LEARNING-model-simulator-1	1628676803561	1628676803579	OK	 
USER	SageMaker	171	END	1628676803559	1628676803580
USER	SageMaker	172	START	1628676804059	1628676804059
REQUEST	172		SageMaker-LEARNING-model-simulator-1	1628676804061	1628676804078	OK	 
USER	SageMaker	172	END	1628676804059	1628676804079
USER	SageMaker	173	START	1628676804559	1628676804559
REQUEST	173		SageMaker-LEARNING-model-simulator-1	1628676804560	1628676804573	OK	 
USER	SageMaker	173	END	1628676804559	1628676804574
USER	SageMaker	174	START	1628676805059	1628676805059
REQUEST	174		SageMaker-LEARNING-model-simulator-1	1628676805060	1628676805074	OK	 
USER	SageMaker	174	END	1628676805059	1628676805074
USER	SageMaker	175	START	1628676805559	1628676805559
REQUEST	175		SageMaker-LEARNING-model-simulator-1	1628676805560	1628676805613	OK	 
USER	SageMaker	175	END	1628676805559	1628676805613
USER	SageMaker	176	START	1628676806060	1628676806060
REQUEST	176		SageMaker-LEARNING-model-simulator-1	1628676806061	1628676806076	OK	 
USER	SageMaker	176	END	1628676806060	1628676806077
USER	SageMaker	177	START	1628676806559	1628676806559
REQUEST	177		SageMaker-LEARNING-model-simulator-1	1628676806561	1628676806576	OK	 
USER	SageMaker	177	END	1628676806559	1628676806577
USER	SageMaker	178	START	1628676807059	1628676807059
REQUEST	178		SageMaker-LEARNING-model-simulator-1	1628676807061	1628676807073	OK	 
USER	SageMaker	178	END	1628676807059	1628676807073
USER	SageMaker	179	START	1628676807559	1628676807559
REQUEST	179		SageMaker-LEARNING-model-simulator-1	1628676807560	1628676807574	OK	 
USER	SageMaker	179	END	1628676807559	1628676807575
USER	SageMaker	180	START	1628676808059	1628676808059
REQUEST	180		SageMaker-LEARNING-model-simulator-1	1628676808060	1628676808091	OK	 
USER	SageMaker	180	END	1628676808059	1628676808092
USER	SageMaker	181	START	1628676808560	1628676808560
REQUEST	181		SageMaker-LEARNING-model-simulator-1	1628676808561	1628676808573	OK	 
USER	SageMaker	181	END	1628676808560	1628676808574
USER	SageMaker	182	START	1628676809060	1628676809060
REQUEST	182		SageMaker-LEARNING-model-simulator-1	1628676809061	1628676809076	OK	 
USER	SageMaker	182	END	1628676809060	1628676809077
USER	SageMaker	183	START	1628676809559	1628676809559
REQUEST	183		SageMaker-LEARNING-model-simulator-1	1628676809560	1628676809584	OK	 
USER	SageMaker	183	END	1628676809559	1628676809585
USER	SageMaker	184	START	1628676810060	1628676810060
REQUEST	184		SageMaker-LEARNING-model-simulator-1	1628676810061	1628676810077	OK	 
USER	SageMaker	184	END	1628676810060	1628676810078
USER	SageMaker	185	START	1628676810559	1628676810559
REQUEST	185		SageMaker-LEARNING-model-simulator-1	1628676810561	1628676810576	OK	 
USER	SageMaker	185	END	1628676810559	1628676810577
USER	SageMaker	186	START	1628676811059	1628676811059
REQUEST	186		SageMaker-LEARNING-model-simulator-1	1628676811061	1628676811074	OK	 
USER	SageMaker	186	END	1628676811059	1628676811075
USER	SageMaker	187	START	1628676811559	1628676811559
REQUEST	187		SageMaker-LEARNING-model-simulator-1	1628676811560	1628676811575	OK	 
USER	SageMaker	187	END	1628676811559	1628676811575
USER	SageMaker	188	START	1628676812059	1628676812059
REQUEST	188		SageMaker-LEARNING-model-simulator-1	1628676812061	1628676812082	OK	 
USER	SageMaker	188	END	1628676812059	1628676812083
USER	SageMaker	189	START	1628676812559	1628676812559
REQUEST	189		SageMaker-LEARNING-model-simulator-1	1628676812561	1628676812575	OK	 
USER	SageMaker	189	END	1628676812559	1628676812576
USER	SageMaker	190	START	1628676813059	1628676813059
REQUEST	190		SageMaker-LEARNING-model-simulator-1	1628676813061	1628676813077	OK	 
USER	SageMaker	190	END	1628676813059	1628676813078
USER	SageMaker	191	START	1628676813559	1628676813559
REQUEST	191		SageMaker-LEARNING-model-simulator-1	1628676813561	1628676813578	OK	 
USER	SageMaker	191	END	1628676813559	1628676813578
USER	SageMaker	192	START	1628676814060	1628676814060
REQUEST	192		SageMaker-LEARNING-model-simulator-1	1628676814061	1628676814075	OK	 
USER	SageMaker	192	END	1628676814060	1628676814076
USER	SageMaker	193	START	1628676814560	1628676814560
REQUEST	193		SageMaker-LEARNING-model-simulator-1	1628676814561	1628676814578	OK	 
USER	SageMaker	193	END	1628676814560	1628676814578
USER	SageMaker	194	START	1628676815059	1628676815059
REQUEST	194		SageMaker-LEARNING-model-simulator-1	1628676815061	1628676815072	OK	 
USER	SageMaker	194	END	1628676815059	1628676815073
USER	SageMaker	195	START	1628676815559	1628676815559
REQUEST	195		SageMaker-LEARNING-model-simulator-1	1628676815560	1628676815578	OK	 
USER	SageMaker	195	END	1628676815559	1628676815579
USER	SageMaker	196	START	1628676816059	1628676816059
REQUEST	196		SageMaker-LEARNING-model-simulator-1	1628676816061	1628676816073	OK	 
USER	SageMaker	196	END	1628676816059	1628676816074
USER	SageMaker	197	START	1628676816559	1628676816559
REQUEST	197		SageMaker-LEARNING-model-simulator-1	1628676816561	1628676816574	OK	 
USER	SageMaker	197	END	1628676816559	1628676816575
USER	SageMaker	198	START	1628676817059	1628676817059
REQUEST	198		SageMaker-LEARNING-model-simulator-1	1628676817060	1628676817076	OK	 
USER	SageMaker	198	END	1628676817059	1628676817077
USER	SageMaker	199	START	1628676817559	1628676817559
REQUEST	199		SageMaker-LEARNING-model-simulator-1	1628676817560	1628676817578	OK	 
USER	SageMaker	199	END	1628676817559	1628676817579
USER	SageMaker	200	START	1628676818060	1628676818060
REQUEST	200		SageMaker-LEARNING-model-simulator-1	1628676818061	1628676818080	OK	 
USER	SageMaker	200	END	1628676818060	1628676818080
USER	SageMaker	201	START	1628676818560	1628676818560
REQUEST	201		SageMaker-LEARNING-model-simulator-1	1628676818561	1628676818574	OK	 
USER	SageMaker	201	END	1628676818560	1628676818575
USER	SageMaker	202	START	1628676819060	1628676819060
REQUEST	202		SageMaker-LEARNING-model-simulator-1	1628676819061	1628676819074	OK	 
USER	SageMaker	202	END	1628676819060	1628676819075
USER	SageMaker	203	START	1628676819559	1628676819559
REQUEST	203		SageMaker-LEARNING-model-simulator-1	1628676819561	1628676819581	OK	 
USER	SageMaker	203	END	1628676819559	1628676819582
USER	SageMaker	204	START	1628676820050	1628676820050
REQUEST	204		SageMaker-LEARNING-model-simulator-1	1628676820051	1628676820065	OK	 
USER	SageMaker	204	END	1628676820050	1628676820066
USER	SageMaker	205	START	1628676820550	1628676820550
REQUEST	205		SageMaker-LEARNING-model-simulator-1	1628676820551	1628676820564	OK	 
USER	SageMaker	205	END	1628676820550	1628676820565
USER	SageMaker	206	START	1628676821059	1628676821059
REQUEST	206		SageMaker-LEARNING-model-simulator-1	1628676821061	1628676821073	OK	 
USER	SageMaker	206	END	1628676821059	1628676821073
USER	SageMaker	207	START	1628676821559	1628676821559
REQUEST	207		SageMaker-LEARNING-model-simulator-1	1628676821560	1628676821573	OK	 
USER	SageMaker	207	END	1628676821559	1628676821573
USER	SageMaker	208	START	1628676822059	1628676822059
REQUEST	208		SageMaker-LEARNING-model-simulator-1	1628676822060	1628676822073	OK	 
USER	SageMaker	208	END	1628676822059	1628676822073
USER	SageMaker	209	START	1628676822560	1628676822560
REQUEST	209		SageMaker-LEARNING-model-simulator-1	1628676822561	1628676822572	OK	 
USER	SageMaker	209	END	1628676822560	1628676822573
USER	SageMaker	210	START	1628676823059	1628676823059
REQUEST	210		SageMaker-LEARNING-model-simulator-1	1628676823061	1628676823077	OK	 
USER	SageMaker	210	END	1628676823059	1628676823078
USER	SageMaker	211	START	1628676823559	1628676823559
REQUEST	211		SageMaker-LEARNING-model-simulator-1	1628676823561	1628676823573	OK	 
USER	SageMaker	211	END	1628676823559	1628676823574
USER	SageMaker	212	START	1628676824059	1628676824059
REQUEST	212		SageMaker-LEARNING-model-simulator-1	1628676824061	1628676824078	OK	 
USER	SageMaker	212	END	1628676824059	1628676824079
USER	SageMaker	213	START	1628676824559	1628676824559
REQUEST	213		SageMaker-LEARNING-model-simulator-1	1628676824560	1628676824577	OK	 
USER	SageMaker	213	END	1628676824559	1628676824578
USER	SageMaker	214	START	1628676825059	1628676825059
REQUEST	214		SageMaker-LEARNING-model-simulator-1	1628676825060	1628676825082	OK	 
USER	SageMaker	214	END	1628676825059	1628676825083
USER	SageMaker	215	START	1628676825560	1628676825560
REQUEST	215		SageMaker-LEARNING-model-simulator-1	1628676825561	1628676825575	OK	 
USER	SageMaker	215	END	1628676825560	1628676825576
USER	SageMaker	216	START	1628676826059	1628676826059
REQUEST	216		SageMaker-LEARNING-model-simulator-1	1628676826061	1628676826080	OK	 
USER	SageMaker	216	END	1628676826059	1628676826080
USER	SageMaker	217	START	1628676826559	1628676826559
REQUEST	217		SageMaker-LEARNING-model-simulator-1	1628676826560	1628676826576	OK	 
USER	SageMaker	217	END	1628676826559	1628676826576
USER	SageMaker	218	START	1628676827060	1628676827060
REQUEST	218		SageMaker-LEARNING-model-simulator-1	1628676827061	1628676827076	OK	 
USER	SageMaker	218	END	1628676827060	1628676827077
USER	SageMaker	219	START	1628676827559	1628676827559
REQUEST	219		SageMaker-LEARNING-model-simulator-1	1628676827560	1628676827577	OK	 
USER	SageMaker	219	END	1628676827559	1628676827578
USER	SageMaker	220	START	1628676828059	1628676828059
REQUEST	220		SageMaker-LEARNING-model-simulator-1	1628676828060	1628676828076	OK	 
USER	SageMaker	220	END	1628676828059	1628676828077
USER	SageMaker	221	START	1628676828560	1628676828560
REQUEST	221		SageMaker-LEARNING-model-simulator-1	1628676828561	1628676828589	OK	 
USER	SageMaker	221	END	1628676828560	1628676828589
USER	SageMaker	222	START	1628676829060	1628676829060
REQUEST	222		SageMaker-LEARNING-model-simulator-1	1628676829061	1628676829072	OK	 
USER	SageMaker	222	END	1628676829060	1628676829073
USER	SageMaker	223	START	1628676829559	1628676829559
REQUEST	223		SageMaker-LEARNING-model-simulator-1	1628676829561	1628676829572	OK	 
USER	SageMaker	223	END	1628676829559	1628676829573
USER	SageMaker	224	START	1628676830059	1628676830059
REQUEST	224		SageMaker-LEARNING-model-simulator-1	1628676830061	1628676830074	OK	 
USER	SageMaker	224	END	1628676830059	1628676830075
USER	SageMaker	225	START	1628676830559	1628676830559
REQUEST	225		SageMaker-LEARNING-model-simulator-1	1628676830560	1628676830572	OK	 
USER	SageMaker	225	END	1628676830559	1628676830573
USER	SageMaker	226	START	1628676831060	1628676831060
REQUEST	226		SageMaker-LEARNING-model-simulator-1	1628676831061	1628676831076	OK	 
USER	SageMaker	226	END	1628676831060	1628676831077
USER	SageMaker	227	START	1628676831559	1628676831559
REQUEST	227		SageMaker-LEARNING-model-simulator-1	1628676831561	1628676831578	OK	 
USER	SageMaker	227	END	1628676831559	1628676831579
USER	SageMaker	228	START	1628676832059	1628676832059
REQUEST	228		SageMaker-LEARNING-model-simulator-1	1628676832061	1628676832076	OK	 
USER	SageMaker	228	END	1628676832059	1628676832077
USER	SageMaker	229	START	1628676832559	1628676832559
REQUEST	229		SageMaker-LEARNING-model-simulator-1	1628676832560	1628676832578	OK	 
USER	SageMaker	229	END	1628676832559	1628676832578
USER	SageMaker	230	START	1628676833060	1628676833060
REQUEST	230		SageMaker-LEARNING-model-simulator-1	1628676833061	1628676833081	OK	 
USER	SageMaker	230	END	1628676833060	1628676833081
USER	SageMaker	231	START	1628676833559	1628676833559
REQUEST	231		SageMaker-LEARNING-model-simulator-1	1628676833561	1628676833573	OK	 
USER	SageMaker	231	END	1628676833559	1628676833574
USER	SageMaker	232	START	1628676834059	1628676834059
REQUEST	232		SageMaker-LEARNING-model-simulator-1	1628676834060	1628676834075	OK	 
USER	SageMaker	232	END	1628676834059	1628676834076
USER	SageMaker	233	START	1628676834559	1628676834559
REQUEST	233		SageMaker-LEARNING-model-simulator-1	1628676834560	1628676834573	OK	 
USER	SageMaker	233	END	1628676834559	1628676834573
USER	SageMaker	234	START	1628676835060	1628676835060
REQUEST	234		SageMaker-LEARNING-model-simulator-1	1628676835061	1628676835076	OK	 
USER	SageMaker	234	END	1628676835060	1628676835077
USER	SageMaker	235	START	1628676835559	1628676835559
REQUEST	235		SageMaker-LEARNING-model-simulator-1	1628676835561	1628676835576	OK	 
USER	SageMaker	235	END	1628676835559	1628676835577
USER	SageMaker	236	START	1628676836059	1628676836059
REQUEST	236		SageMaker-LEARNING-model-simulator-1	1628676836060	1628676836087	OK	 
USER	SageMaker	236	END	1628676836059	1628676836088
USER	SageMaker	237	START	1628676836560	1628676836560
REQUEST	237		SageMaker-LEARNING-model-simulator-1	1628676836561	1628676836576	OK	 
USER	SageMaker	237	END	1628676836560	1628676836576
USER	SageMaker	238	START	1628676837060	1628676837060
REQUEST	238		SageMaker-LEARNING-model-simulator-1	1628676837061	1628676837082	OK	 
USER	SageMaker	238	END	1628676837060	1628676837082
USER	SageMaker	239	START	1628676837559	1628676837559
REQUEST	239		SageMaker-LEARNING-model-simulator-1	1628676837561	1628676837596	OK	 
USER	SageMaker	239	END	1628676837559	1628676837597
USER	SageMaker	240	START	1628676838059	1628676838059
REQUEST	240		SageMaker-LEARNING-model-simulator-1	1628676838060	1628676838076	OK	 
USER	SageMaker	240	END	1628676838059	1628676838076
USER	SageMaker	241	START	1628676838560	1628676838560
REQUEST	241		SageMaker-LEARNING-model-simulator-1	1628676838561	1628676838574	OK	 
USER	SageMaker	241	END	1628676838560	1628676838575
USER	SageMaker	242	START	1628676839060	1628676839060
REQUEST	242		SageMaker-LEARNING-model-simulator-1	1628676839061	1628676839077	OK	 
USER	SageMaker	242	END	1628676839060	1628676839078
USER	SageMaker	243	START	1628676839559	1628676839559
REQUEST	243		SageMaker-LEARNING-model-simulator-1	1628676839560	1628676839596	OK	 
USER	SageMaker	243	END	1628676839559	1628676839597
USER	SageMaker	244	START	1628676840059	1628676840059
REQUEST	244		SageMaker-LEARNING-model-simulator-1	1628676840060	1628676840073	OK	 
USER	SageMaker	244	END	1628676840059	1628676840074
USER	SageMaker	245	START	1628676840560	1628676840560
REQUEST	245		SageMaker-LEARNING-model-simulator-1	1628676840561	1628676840581	OK	 
USER	SageMaker	245	END	1628676840560	1628676840582
USER	SageMaker	246	START	1628676841059	1628676841059
REQUEST	246		SageMaker-LEARNING-model-simulator-1	1628676841061	1628676841089	OK	 
USER	SageMaker	246	END	1628676841059	1628676841089
USER	SageMaker	247	START	1628676841559	1628676841559
REQUEST	247		SageMaker-LEARNING-model-simulator-1	1628676841560	1628676841573	OK	 
USER	SageMaker	247	END	1628676841559	1628676841574
USER	SageMaker	248	START	1628676842059	1628676842059
REQUEST	248		SageMaker-LEARNING-model-simulator-1	1628676842060	1628676842078	OK	 
USER	SageMaker	248	END	1628676842059	1628676842079
USER	SageMaker	249	START	1628676842560	1628676842560
REQUEST	249		SageMaker-LEARNING-model-simulator-1	1628676842561	1628676842574	OK	 
USER	SageMaker	249	END	1628676842560	1628676842575
USER	SageMaker	250	START	1628676843059	1628676843059
REQUEST	250		SageMaker-LEARNING-model-simulator-1	1628676843061	1628676843080	OK	 
USER	SageMaker	250	END	1628676843059	1628676843080
USER	SageMaker	251	START	1628676843559	1628676843559
REQUEST	251		SageMaker-LEARNING-model-simulator-1	1628676843560	1628676843591	OK	 
USER	SageMaker	251	END	1628676843559	1628676843591
USER	SageMaker	252	START	1628676844060	1628676844060
REQUEST	252		SageMaker-LEARNING-model-simulator-1	1628676844061	1628676844074	OK	 
USER	SageMaker	252	END	1628676844060	1628676844074
USER	SageMaker	253	START	1628676844560	1628676844560
REQUEST	253		SageMaker-LEARNING-model-simulator-1	1628676844561	1628676844576	OK	 
USER	SageMaker	253	END	1628676844560	1628676844576
USER	SageMaker	254	START	1628676845059	1628676845059
REQUEST	254		SageMaker-LEARNING-model-simulator-1	1628676845061	1628676845076	OK	 
USER	SageMaker	254	END	1628676845059	1628676845077
USER	SageMaker	255	START	1628676845559	1628676845559
REQUEST	255		SageMaker-LEARNING-model-simulator-1	1628676845560	1628676845577	OK	 
USER	SageMaker	255	END	1628676845559	1628676845578
USER	SageMaker	256	START	1628676846059	1628676846059
REQUEST	256		SageMaker-LEARNING-model-simulator-1	1628676846060	1628676846077	OK	 
USER	SageMaker	256	END	1628676846059	1628676846078
USER	SageMaker	257	START	1628676846560	1628676846560
REQUEST	257		SageMaker-LEARNING-model-simulator-1	1628676846561	1628676846576	OK	 
USER	SageMaker	257	END	1628676846560	1628676846577
USER	SageMaker	258	START	1628676847059	1628676847059
REQUEST	258		SageMaker-LEARNING-model-simulator-1	1628676847060	1628676847073	OK	 
USER	SageMaker	258	END	1628676847059	1628676847074
USER	SageMaker	259	START	1628676847559	1628676847559
REQUEST	259		SageMaker-LEARNING-model-simulator-1	1628676847560	1628676847572	OK	 
USER	SageMaker	259	END	1628676847559	1628676847573
USER	SageMaker	260	START	1628676848060	1628676848060
REQUEST	260		SageMaker-LEARNING-model-simulator-1	1628676848061	1628676848073	OK	 
USER	SageMaker	260	END	1628676848060	1628676848074
USER	SageMaker	261	START	1628676848560	1628676848560
REQUEST	261		SageMaker-LEARNING-model-simulator-1	1628676848561	1628676848576	OK	 
USER	SageMaker	261	END	1628676848560	1628676848577
USER	SageMaker	262	START	1628676849059	1628676849059
REQUEST	262		SageMaker-LEARNING-model-simulator-1	1628676849061	1628676849087	OK	 
USER	SageMaker	262	END	1628676849059	1628676849087
USER	SageMaker	263	START	1628676849559	1628676849559
REQUEST	263		SageMaker-LEARNING-model-simulator-1	1628676849561	1628676849572	OK	 
USER	SageMaker	263	END	1628676849559	1628676849573
USER	SageMaker	264	START	1628676850059	1628676850059
REQUEST	264		SageMaker-LEARNING-model-simulator-1	1628676850060	1628676850076	OK	 
USER	SageMaker	264	END	1628676850059	1628676850077
USER	SageMaker	265	START	1628676850559	1628676850559
REQUEST	265		SageMaker-LEARNING-model-simulator-1	1628676850560	1628676850576	OK	 
USER	SageMaker	265	END	1628676850559	1628676850577
USER	SageMaker	266	START	1628676851060	1628676851060
REQUEST	266		SageMaker-LEARNING-model-simulator-1	1628676851061	1628676851078	OK	 
USER	SageMaker	266	END	1628676851060	1628676851078
USER	SageMaker	267	START	1628676851559	1628676851559
REQUEST	267		SageMaker-LEARNING-model-simulator-1	1628676851561	1628676851571	OK	 
USER	SageMaker	267	END	1628676851559	1628676851572
USER	SageMaker	268	START	1628676852059	1628676852059
REQUEST	268		SageMaker-LEARNING-model-simulator-1	1628676852060	1628676852075	OK	 
USER	SageMaker	268	END	1628676852059	1628676852076
USER	SageMaker	269	START	1628676852559	1628676852559
REQUEST	269		SageMaker-LEARNING-model-simulator-1	1628676852560	1628676852575	OK	 
USER	SageMaker	269	END	1628676852559	1628676852576
USER	SageMaker	270	START	1628676853060	1628676853060
REQUEST	270		SageMaker-LEARNING-model-simulator-1	1628676853061	1628676853075	OK	 
USER	SageMaker	270	END	1628676853060	1628676853076
USER	SageMaker	271	START	1628676853560	1628676853560
REQUEST	271		SageMaker-LEARNING-model-simulator-1	1628676853561	1628676853578	OK	 
USER	SageMaker	271	END	1628676853560	1628676853579
USER	SageMaker	272	START	1628676854059	1628676854059
REQUEST	272		SageMaker-LEARNING-model-simulator-1	1628676854061	1628676854082	OK	 
USER	SageMaker	272	END	1628676854059	1628676854082
USER	SageMaker	273	START	1628676854559	1628676854559
REQUEST	273		SageMaker-LEARNING-model-simulator-1	1628676854560	1628676854575	OK	 
USER	SageMaker	273	END	1628676854559	1628676854576
USER	SageMaker	274	START	1628676855059	1628676855059
REQUEST	274		SageMaker-LEARNING-model-simulator-1	1628676855060	1628676855077	OK	 
USER	SageMaker	274	END	1628676855059	1628676855077
USER	SageMaker	275	START	1628676855560	1628676855560
REQUEST	275		SageMaker-LEARNING-model-simulator-1	1628676855561	1628676855576	OK	 
USER	SageMaker	275	END	1628676855560	1628676855577
USER	SageMaker	276	START	1628676856060	1628676856060
REQUEST	276		SageMaker-LEARNING-model-simulator-1	1628676856061	1628676856073	OK	 
USER	SageMaker	276	END	1628676856060	1628676856074
USER	SageMaker	277	START	1628676856559	1628676856559
REQUEST	277		SageMaker-LEARNING-model-simulator-1	1628676856560	1628676856588	OK	 
USER	SageMaker	277	END	1628676856559	1628676856589
USER	SageMaker	278	START	1628676857059	1628676857059
REQUEST	278		SageMaker-LEARNING-model-simulator-1	1628676857060	1628676857076	OK	 
USER	SageMaker	278	END	1628676857059	1628676857077
USER	SageMaker	279	START	1628676857560	1628676857560
REQUEST	279		SageMaker-LEARNING-model-simulator-1	1628676857561	1628676857579	OK	 
USER	SageMaker	279	END	1628676857560	1628676857580
USER	SageMaker	280	START	1628676858060	1628676858060
REQUEST	280		SageMaker-LEARNING-model-simulator-1	1628676858061	1628676858072	OK	 
USER	SageMaker	280	END	1628676858060	1628676858073
USER	SageMaker	281	START	1628676858559	1628676858559
REQUEST	281		SageMaker-LEARNING-model-simulator-1	1628676858561	1628676858575	OK	 
USER	SageMaker	281	END	1628676858559	1628676858576
USER	SageMaker	282	START	1628676859059	1628676859059
REQUEST	282		SageMaker-LEARNING-model-simulator-1	1628676859060	1628676859097	OK	 
USER	SageMaker	282	END	1628676859059	1628676859098
USER	SageMaker	283	START	1628676859560	1628676859560
REQUEST	283		SageMaker-LEARNING-model-simulator-1	1628676859561	1628676859575	OK	 
USER	SageMaker	283	END	1628676859560	1628676859576
USER	SageMaker	284	START	1628676860060	1628676860060
REQUEST	284		SageMaker-LEARNING-model-simulator-1	1628676860061	1628676860075	OK	 
USER	SageMaker	284	END	1628676860060	1628676860076
USER	SageMaker	285	START	1628676860559	1628676860559
REQUEST	285		SageMaker-LEARNING-model-simulator-1	1628676860560	1628676860579	OK	 
USER	SageMaker	285	END	1628676860559	1628676860579
USER	SageMaker	286	START	1628676861059	1628676861059
REQUEST	286		SageMaker-LEARNING-model-simulator-1	1628676861060	1628676861075	OK	 
USER	SageMaker	286	END	1628676861059	1628676861075
USER	SageMaker	287	START	1628676861560	1628676861560
REQUEST	287		SageMaker-LEARNING-model-simulator-1	1628676861561	1628676861576	OK	 
USER	SageMaker	287	END	1628676861560	1628676861577
USER	SageMaker	288	START	1628676862060	1628676862060
REQUEST	288		SageMaker-LEARNING-model-simulator-1	1628676862061	1628676862084	OK	 
USER	SageMaker	288	END	1628676862060	1628676862085
USER	SageMaker	289	START	1628676862560	1628676862560
REQUEST	289		SageMaker-LEARNING-model-simulator-1	1628676862561	1628676862573	OK	 
USER	SageMaker	289	END	1628676862560	1628676862574
USER	SageMaker	290	START	1628676863059	1628676863059
REQUEST	290		SageMaker-LEARNING-model-simulator-1	1628676863060	1628676863075	OK	 
USER	SageMaker	290	END	1628676863059	1628676863076
USER	SageMaker	291	START	1628676863559	1628676863559
REQUEST	291		SageMaker-LEARNING-model-simulator-1	1628676863560	1628676863573	OK	 
USER	SageMaker	291	END	1628676863559	1628676863574
USER	SageMaker	292	START	1628676864060	1628676864060
REQUEST	292		SageMaker-LEARNING-model-simulator-1	1628676864061	1628676864073	OK	 
USER	SageMaker	292	END	1628676864060	1628676864074
USER	SageMaker	293	START	1628676864560	1628676864560
REQUEST	293		SageMaker-LEARNING-model-simulator-1	1628676864561	1628676864580	OK	 
USER	SageMaker	293	END	1628676864560	1628676864581
USER	SageMaker	294	START	1628676865059	1628676865059
REQUEST	294		SageMaker-LEARNING-model-simulator-1	1628676865060	1628676865071	OK	 
USER	SageMaker	294	END	1628676865059	1628676865072
USER	SageMaker	295	START	1628676865559	1628676865559
REQUEST	295		SageMaker-LEARNING-model-simulator-1	1628676865560	1628676865576	OK	 
USER	SageMaker	295	END	1628676865559	1628676865576
USER	SageMaker	296	START	1628676866059	1628676866059
REQUEST	296		SageMaker-LEARNING-model-simulator-1	1628676866060	1628676866073	OK	 
USER	SageMaker	296	END	1628676866059	1628676866074
USER	SageMaker	297	START	1628676866560	1628676866560
REQUEST	297		SageMaker-LEARNING-model-simulator-1	1628676866561	1628676866575	OK	 
USER	SageMaker	297	END	1628676866560	1628676866575
USER	SageMaker	298	START	1628676867059	1628676867059
REQUEST	298		SageMaker-LEARNING-model-simulator-1	1628676867060	1628676867073	OK	 
USER	SageMaker	298	END	1628676867059	1628676867073
USER	SageMaker	299	START	1628676867560	1628676867560
REQUEST	299		SageMaker-LEARNING-model-simulator-1	1628676867561	1628676867572	OK	 
USER	SageMaker	299	END	1628676867560	1628676867573
USER	SageMaker	300	START	1628676868059	1628676868059
REQUEST	300		SageMaker-LEARNING-model-simulator-1	1628676868060	1628676868073	OK	 
USER	SageMaker	300	END	1628676868059	1628676868074
USER	SageMaker	301	START	1628676868559	1628676868559
REQUEST	301		SageMaker-LEARNING-model-simulator-1	1628676868560	1628676868578	OK	 
USER	SageMaker	301	END	1628676868559	1628676868578
USER	SageMaker	302	START	1628676869059	1628676869059
REQUEST	302		SageMaker-LEARNING-model-simulator-1	1628676869060	1628676869073	OK	 
USER	SageMaker	302	END	1628676869059	1628676869073
USER	SageMaker	303	START	1628676869560	1628676869560
REQUEST	303		SageMaker-LEARNING-model-simulator-1	1628676869561	1628676869573	OK	 
USER	SageMaker	303	END	1628676869560	1628676869573
USER	SageMaker	304	START	1628676870060	1628676870060
REQUEST	304		SageMaker-LEARNING-model-simulator-1	1628676870061	1628676870073	OK	 
USER	SageMaker	304	END	1628676870060	1628676870073
USER	SageMaker	305	START	1628676870560	1628676870560
REQUEST	305		SageMaker-LEARNING-model-simulator-1	1628676870561	1628676870573	OK	 
USER	SageMaker	305	END	1628676870560	1628676870574
USER	SageMaker	306	START	1628676871059	1628676871059
REQUEST	306		SageMaker-LEARNING-model-simulator-1	1628676871060	1628676871079	OK	 
USER	SageMaker	306	END	1628676871059	1628676871079
USER	SageMaker	307	START	1628676871559	1628676871559
REQUEST	307		SageMaker-LEARNING-model-simulator-1	1628676871560	1628676871574	OK	 
USER	SageMaker	307	END	1628676871559	1628676871574
USER	SageMaker	308	START	1628676872060	1628676872060
REQUEST	308		SageMaker-LEARNING-model-simulator-1	1628676872061	1628676872075	OK	 
USER	SageMaker	308	END	1628676872060	1628676872075
USER	SageMaker	309	START	1628676872559	1628676872559
REQUEST	309		SageMaker-LEARNING-model-simulator-1	1628676872561	1628676872574	OK	 
USER	SageMaker	309	END	1628676872559	1628676872575
USER	SageMaker	310	START	1628676873059	1628676873059
REQUEST	310		SageMaker-LEARNING-model-simulator-1	1628676873060	1628676873073	OK	 
USER	SageMaker	310	END	1628676873059	1628676873074
USER	SageMaker	311	START	1628676873559	1628676873559
REQUEST	311		SageMaker-LEARNING-model-simulator-1	1628676873560	1628676873596	OK	 
USER	SageMaker	311	END	1628676873559	1628676873597
USER	SageMaker	312	START	1628676874060	1628676874060
REQUEST	312		SageMaker-LEARNING-model-simulator-1	1628676874061	1628676874081	OK	 
USER	SageMaker	312	END	1628676874060	1628676874082
USER	SageMaker	313	START	1628676874559	1628676874559
REQUEST	313		SageMaker-LEARNING-model-simulator-1	1628676874560	1628676874574	OK	 
USER	SageMaker	313	END	1628676874559	1628676874574
USER	SageMaker	314	START	1628676875059	1628676875059
REQUEST	314		SageMaker-LEARNING-model-simulator-1	1628676875060	1628676875083	OK	 
USER	SageMaker	314	END	1628676875059	1628676875084
USER	SageMaker	315	START	1628676875559	1628676875559
REQUEST	315		SageMaker-LEARNING-model-simulator-1	1628676875560	1628676875571	OK	 
USER	SageMaker	315	END	1628676875559	1628676875572
USER	SageMaker	316	START	1628676876060	1628676876060
REQUEST	316		SageMaker-LEARNING-model-simulator-1	1628676876061	1628676876073	OK	 
USER	SageMaker	316	END	1628676876060	1628676876073
USER	SageMaker	317	START	1628676876559	1628676876559
REQUEST	317		SageMaker-LEARNING-model-simulator-1	1628676876561	1628676876588	OK	 
USER	SageMaker	317	END	1628676876559	1628676876588
USER	SageMaker	318	START	1628676877059	1628676877059
REQUEST	318		SageMaker-LEARNING-model-simulator-1	1628676877060	1628676877078	OK	 
USER	SageMaker	318	END	1628676877059	1628676877079
USER	SageMaker	319	START	1628676877559	1628676877559
REQUEST	319		SageMaker-LEARNING-model-simulator-1	1628676877560	1628676877572	OK	 
USER	SageMaker	319	END	1628676877559	1628676877573
USER	SageMaker	320	START	1628676878060	1628676878060
REQUEST	320		SageMaker-LEARNING-model-simulator-1	1628676878061	1628676878078	OK	 
USER	SageMaker	320	END	1628676878060	1628676878079
USER	SageMaker	321	START	1628676878560	1628676878560
REQUEST	321		SageMaker-LEARNING-model-simulator-1	1628676878561	1628676878574	OK	 
USER	SageMaker	321	END	1628676878560	1628676878575
USER	SageMaker	322	START	1628676879060	1628676879060
REQUEST	322		SageMaker-LEARNING-model-simulator-1	1628676879061	1628676879073	OK	 
USER	SageMaker	322	END	1628676879060	1628676879074
USER	SageMaker	323	START	1628676879559	1628676879559
REQUEST	323		SageMaker-LEARNING-model-simulator-1	1628676879560	1628676879572	OK	 
USER	SageMaker	323	END	1628676879559	1628676879572
USER	SageMaker	324	START	1628676880059	1628676880059
REQUEST	324		SageMaker-LEARNING-model-simulator-1	1628676880060	1628676880076	OK	 
USER	SageMaker	324	END	1628676880059	1628676880076
USER	SageMaker	325	START	1628676880560	1628676880560
REQUEST	325		SageMaker-LEARNING-model-simulator-1	1628676880561	1628676880581	OK	 
USER	SageMaker	325	END	1628676880560	1628676880582
USER	SageMaker	326	START	1628676881059	1628676881059
REQUEST	326		SageMaker-LEARNING-model-simulator-1	1628676881061	1628676881072	OK	 
USER	SageMaker	326	END	1628676881059	1628676881073
USER	SageMaker	327	START	1628676881559	1628676881559
REQUEST	327		SageMaker-LEARNING-model-simulator-1	1628676881560	1628676881572	OK	 
USER	SageMaker	327	END	1628676881559	1628676881573
USER	SageMaker	328	START	1628676882060	1628676882060
REQUEST	328		SageMaker-LEARNING-model-simulator-1	1628676882061	1628676882078	OK	 
USER	SageMaker	328	END	1628676882060	1628676882079
USER	SageMaker	329	START	1628676882560	1628676882560
REQUEST	329		SageMaker-LEARNING-model-simulator-1	1628676882561	1628676882579	OK	 
USER	SageMaker	329	END	1628676882560	1628676882580
USER	SageMaker	330	START	1628676883059	1628676883059
REQUEST	330		SageMaker-LEARNING-model-simulator-1	1628676883060	1628676883073	OK	 
USER	SageMaker	330	END	1628676883059	1628676883074
USER	SageMaker	331	START	1628676883559	1628676883559
REQUEST	331		SageMaker-LEARNING-model-simulator-1	1628676883560	1628676883572	OK	 
USER	SageMaker	331	END	1628676883559	1628676883572
USER	SageMaker	332	START	1628676884060	1628676884060
REQUEST	332		SageMaker-LEARNING-model-simulator-1	1628676884061	1628676884074	OK	 
USER	SageMaker	332	END	1628676884060	1628676884075
USER	SageMaker	333	START	1628676884560	1628676884560
REQUEST	333		SageMaker-LEARNING-model-simulator-1	1628676884561	1628676884573	OK	 
USER	SageMaker	333	END	1628676884560	1628676884573
USER	SageMaker	334	START	1628676885059	1628676885059
REQUEST	334		SageMaker-LEARNING-model-simulator-1	1628676885060	1628676885079	OK	 
USER	SageMaker	334	END	1628676885059	1628676885080
USER	SageMaker	335	START	1628676885559	1628676885559
REQUEST	335		SageMaker-LEARNING-model-simulator-1	1628676885560	1628676885580	OK	 
USER	SageMaker	335	END	1628676885559	1628676885581
USER	SageMaker	336	START	1628676886059	1628676886059
REQUEST	336		SageMaker-LEARNING-model-simulator-1	1628676886060	1628676886079	OK	 
USER	SageMaker	336	END	1628676886059	1628676886080
USER	SageMaker	337	START	1628676886560	1628676886560
REQUEST	337		SageMaker-LEARNING-model-simulator-1	1628676886561	1628676886573	OK	 
USER	SageMaker	337	END	1628676886560	1628676886574
USER	SageMaker	338	START	1628676887059	1628676887059
REQUEST	338		SageMaker-LEARNING-model-simulator-1	1628676887061	1628676887077	OK	 
USER	SageMaker	338	END	1628676887059	1628676887077
USER	SageMaker	339	START	1628676887559	1628676887559
REQUEST	339		SageMaker-LEARNING-model-simulator-1	1628676887560	1628676887575	OK	 
USER	SageMaker	339	END	1628676887559	1628676887575
USER	SageMaker	340	START	1628676888059	1628676888059
REQUEST	340		SageMaker-LEARNING-model-simulator-1	1628676888060	1628676888072	OK	 
USER	SageMaker	340	END	1628676888059	1628676888072
USER	SageMaker	341	START	1628676888560	1628676888560
REQUEST	341		SageMaker-LEARNING-model-simulator-1	1628676888561	1628676888575	OK	 
USER	SageMaker	341	END	1628676888560	1628676888576
USER	SageMaker	342	START	1628676889059	1628676889059
REQUEST	342		SageMaker-LEARNING-model-simulator-1	1628676889060	1628676889081	OK	 
USER	SageMaker	342	END	1628676889059	1628676889082
USER	SageMaker	343	START	1628676889559	1628676889559
REQUEST	343		SageMaker-LEARNING-model-simulator-1	1628676889560	1628676889572	OK	 
USER	SageMaker	343	END	1628676889559	1628676889573
USER	SageMaker	344	START	1628676890059	1628676890059
REQUEST	344		SageMaker-LEARNING-model-simulator-1	1628676890060	1628676890080	OK	 
USER	SageMaker	344	END	1628676890059	1628676890080
USER	SageMaker	345	START	1628676890559	1628676890559
REQUEST	345		SageMaker-LEARNING-model-simulator-1	1628676890560	1628676890576	OK	 
USER	SageMaker	345	END	1628676890559	1628676890577
USER	SageMaker	346	START	1628676891060	1628676891060
REQUEST	346		SageMaker-LEARNING-model-simulator-1	1628676891061	1628676891072	OK	 
USER	SageMaker	346	END	1628676891060	1628676891073
USER	SageMaker	347	START	1628676891559	1628676891559
REQUEST	347		SageMaker-LEARNING-model-simulator-1	1628676891560	1628676891587	OK	 
USER	SageMaker	347	END	1628676891559	1628676891588
USER	SageMaker	348	START	1628676892059	1628676892059
REQUEST	348		SageMaker-LEARNING-model-simulator-1	1628676892060	1628676892072	OK	 
USER	SageMaker	348	END	1628676892059	1628676892072
USER	SageMaker	349	START	1628676892559	1628676892559
REQUEST	349		SageMaker-LEARNING-model-simulator-1	1628676892560	1628676892579	OK	 
USER	SageMaker	349	END	1628676892559	1628676892579
USER	SageMaker	350	START	1628676893060	1628676893060
REQUEST	350		SageMaker-LEARNING-model-simulator-1	1628676893061	1628676893073	OK	 
USER	SageMaker	350	END	1628676893060	1628676893074
USER	SageMaker	351	START	1628676893560	1628676893560
REQUEST	351		SageMaker-LEARNING-model-simulator-1	1628676893561	1628676893576	OK	 
USER	SageMaker	351	END	1628676893560	1628676893576
USER	SageMaker	352	START	1628676894059	1628676894059
REQUEST	352		SageMaker-LEARNING-model-simulator-1	1628676894061	1628676894074	OK	 
USER	SageMaker	352	END	1628676894059	1628676894074
USER	SageMaker	353	START	1628676894559	1628676894559
REQUEST	353		SageMaker-LEARNING-model-simulator-1	1628676894560	1628676894575	OK	 
USER	SageMaker	353	END	1628676894559	1628676894576
USER	SageMaker	354	START	1628676895059	1628676895059
REQUEST	354		SageMaker-LEARNING-model-simulator-1	1628676895060	1628676895074	OK	 
USER	SageMaker	354	END	1628676895059	1628676895075
USER	SageMaker	355	START	1628676895560	1628676895560
REQUEST	355		SageMaker-LEARNING-model-simulator-1	1628676895561	1628676895576	OK	 
USER	SageMaker	355	END	1628676895560	1628676895577
USER	SageMaker	356	START	1628676896059	1628676896059
REQUEST	356		SageMaker-LEARNING-model-simulator-1	1628676896060	1628676896073	OK	 
USER	SageMaker	356	END	1628676896059	1628676896074
USER	SageMaker	357	START	1628676896559	1628676896559
REQUEST	357		SageMaker-LEARNING-model-simulator-1	1628676896560	1628676896572	OK	 
USER	SageMaker	357	END	1628676896559	1628676896572
USER	SageMaker	358	START	1628676897059	1628676897059
REQUEST	358		SageMaker-LEARNING-model-simulator-1	1628676897060	1628676897075	OK	 
USER	SageMaker	358	END	1628676897059	1628676897075
USER	SageMaker	359	START	1628676897560	1628676897560
REQUEST	359		SageMaker-LEARNING-model-simulator-1	1628676897560	1628676897580	OK	 
USER	SageMaker	359	END	1628676897560	1628676897581
USER	SageMaker	360	START	1628676898059	1628676898059
REQUEST	360		SageMaker-LEARNING-model-simulator-1	1628676898060	1628676898082	OK	 
USER	SageMaker	360	END	1628676898059	1628676898083
